ready...
Input query:新轩逸专用脚垫2gu盘
input query token terms:
,新轩逸,专用,脚垫,2g,u盘
biggest score:0,candicate query id:25,query score:1.875

biggest score:0,candicate query id:130,query score:1.98163

biggest score:1.98163,candicate query id:380,query score:1.99486

biggest score:1.99486,candicate query id:419,query score:2.91228

biggest score:2.91228,candicate query id:6,query score:3.75

biggest score:3.75,candicate query id:95,query score:8.89131
Find the most similar query score:1.875	 query:{"Result":{"query":"2gu盘"}}
Input query:新轩逸专用脚垫2gu盘
input query token terms:
,新轩逸,专用,脚垫,2g,u盘
biggest score:0,candicate query id:25,query score:1.875

biggest score:0,candicate query id:130,query score:1.98163

biggest score:1.98163,candicate query id:380,query score:1.99486

biggest score:1.99486,candicate query id:419,query score:2.91228

biggest score:2.91228,candicate query id:6,query score:3.75

biggest score:3.75,candicate query id:95,query score:8.89131
Find the most similar query score:1.875	 query:{"Result":{"query":"2gu盘"}}
