06-10 13:24:56:  qs. * 140470560040832 * Open process log by----qs.
=================================================
NOTICE: 06-10 13:24:56:  qs. * 140470560040832 Service start
06-10 13:24:56:  qs. * 140470441539328 * Open thread log by----qs.:server_thread
================================================
DEBUG: 06-10 13:25:08:  qs. * 140470560040832 accept connection succeed
DEBUG: 06-10 13:25:08:  qs. * 140470560040832 accept connection succeed
DEBUG: 06-10 13:25:08:  qs. * 140470560040832 Ready 1 sockets: handle 0(8), signal sent. 1 free threads
TRACE: 06-10 13:25:08:  qs. * 140470441539328 URI: /search?query=%E6%96%B0%E8%BD%A9%E9%80%B8%E4%B8%93%E7%94%A8%E8%84%9A%E5%9E%AB2gu%E7%9B%98
DEBUG: 06-10 13:25:09:  qs. * 140470560040832 Ready 1 sockets: handle 1(9), signal sent. 1 free threads
TRACE: 06-10 13:25:09:  qs. * 140470441539328 URI: /favicon.ico
DEBUG: 06-10 13:25:22:  qs. * 140470560040832 accept connection succeed
DEBUG: 06-10 13:25:22:  qs. * 140470560040832 Ready 1 sockets: handle 0(8), signal sent. 1 free threads
TRACE: 06-10 13:25:22:  qs. * 140470441539328 URI: /search?query=%E6%96%B0%E8%BD%A9%E9%80%B8%E4%B8%93%E7%94%A8%E8%84%9A
DEBUG: 06-10 13:25:22:  qs. * 140470560040832 accept connection succeed
DEBUG: 06-10 13:25:22:  qs. * 140470560040832 accept connection succeed
DEBUG: 06-10 13:25:22:  qs. * 140470560040832 Ready 1 sockets: handle 0(8), signal sent. 1 free threads
TRACE: 06-10 13:25:22:  qs. * 140470441539328 URI: /favicon.ico
DEBUG: 06-10 13:25:34:  qs. * 140470560040832 Ready 1 sockets: handle 1(9), signal sent. 1 free threads
TRACE: 06-10 13:25:34:  qs. * 140470441539328 URI: /search?query=%E6%96%B0%E8%BD%A9%E9%80%B8%E4%B8%93%E7%94%A8
DEBUG: 06-10 13:25:34:  qs. * 140470560040832 accept connection succeed
DEBUG: 06-10 13:25:34:  qs. * 140470560040832 accept connection succeed
DEBUG: 06-10 13:25:34:  qs. * 140470560040832 Ready 1 sockets: handle 0(8), signal sent. 1 free threads
TRACE: 06-10 13:25:34:  qs. * 140470441539328 URI: /favicon.ico
DEBUG: 06-10 13:25:54:  qs. * 140470560040832 Ready 1 sockets: handle 1(9), signal sent. 1 free threads
DEBUG: 06-10 13:27:34:  qs. * 140470560040832 accept connection succeed
DEBUG: 06-10 13:27:34:  qs. * 140470560040832 Ready 1 sockets: handle 0(8), signal sent. 1 free threads
TRACE: 06-10 13:27:34:  qs. * 140470441539328 URI: /search?query=%E6%88%96%E8%83%BD
DEBUG: 06-10 13:27:34:  qs. * 140470560040832 accept connection succeed
DEBUG: 06-10 13:27:34:  qs. * 140470560040832 accept connection succeed
DEBUG: 06-10 13:27:34:  qs. * 140470560040832 Ready 1 sockets: handle 0(8), signal sent. 1 free threads
TRACE: 06-10 13:27:34:  qs. * 140470441539328 URI: /favicon.ico
DEBUG: 06-10 13:27:43:  qs. * 140470560040832 accept connection succeed
DEBUG: 06-10 13:27:43:  qs. * 140470560040832 Ready 1 sockets: handle 1(9), signal sent. 1 free threads
TRACE: 06-10 13:27:43:  qs. * 140470441539328 URI: /favicon.ico
06-10 14:03:11:  qs. * 140524076103552 * Open process log by----qs.
=================================================
NOTICE: 06-10 14:03:11:  qs. * 140524076103552 Service start
06-10 14:03:11:  qs. * 140523957602048 * Open thread log by----qs.:server_thread
================================================
DEBUG: 06-10 14:03:32:  qs. * 140524076103552 accept connection succeed
DEBUG: 06-10 14:03:32:  qs. * 140524076103552 accept connection succeed
DEBUG: 06-10 14:03:33:  qs. * 140524076103552 Ready 1 sockets: handle 0(8), signal sent. 1 free threads
TRACE: 06-10 14:03:33:  qs. * 140523957602048 URI: /favicon.ico
DEBUG: 06-10 14:03:42:  qs. * 140524076103552 Ready 1 sockets: handle 1(9), signal sent. 1 free threads
DEBUG: 06-10 14:03:42:  qs. * 140524076103552 accept connection succeed
DEBUG: 06-10 14:03:42:  qs. * 140524076103552 Ready 1 sockets: handle 0(8), signal sent. 1 free threads
TRACE: 06-10 14:03:42:  qs. * 140523957602048 URI: /search?query=%E6%96%B0%E8%BD%A9%E9%80%B8%E4%B8%93%E7%94%A8%E8%84%9A%E5%9E%AB2gu%E7%9B%98
DEBUG: 06-10 14:03:42:  qs. * 140524076103552 accept connection succeed
DEBUG: 06-10 14:03:42:  qs. * 140524076103552 accept connection succeed
DEBUG: 06-10 14:03:42:  qs. * 140524076103552 Ready 1 sockets: handle 0(8), signal sent. 1 free threads
TRACE: 06-10 14:03:42:  qs. * 140523957602048 URI: /favicon.ico
DEBUG: 06-10 14:03:47:  qs. * 140524076103552 Ready 1 sockets: handle 1(9), signal sent. 1 free threads
TRACE: 06-10 14:03:47:  qs. * 140523957602048 URI: /search?query=%E6%96%B0%E8%BD%A9%E9%80%B8%E4%B8%93%E7%94%A8%E8%84%9A%E5%9E%AB2gu%E7%9B%98
DEBUG: 06-10 14:03:47:  qs. * 140524076103552 accept connection succeed
DEBUG: 06-10 14:03:47:  qs. * 140524076103552 accept connection succeed
DEBUG: 06-10 14:03:47:  qs. * 140524076103552 Ready 1 sockets: handle 0(8), signal sent. 1 free threads
TRACE: 06-10 14:03:47:  qs. * 140523957602048 URI: /favicon.ico
06-12 10:46:51:  qs. * 140030502659968 * Open process log by----qs.
=================================================
NOTICE: 06-12 10:46:51:  qs. * 140030502659968 Service start
06-12 10:46:51:  qs. * 140030384166656 * Open thread log by----qs.:server_thread
================================================
DEBUG: 06-12 10:47:01:  qs. * 140030502659968 accept connection succeed
DEBUG: 06-12 10:47:01:  qs. * 140030502659968 accept connection succeed
DEBUG: 06-12 10:47:01:  qs. * 140030502659968 Ready 1 sockets: handle 0(8), signal sent. 1 free threads
TRACE: 06-12 10:47:01:  qs. * 140030384166656 URI: /search?query=%E6%96%B0%E8%BD%A9%E9%80%B8%E4%B8%93%E7%94%A8%E8%84%9A%E5%9E%AB2gu%E7%9B%98
DEBUG: 06-12 10:47:01:  qs. * 140030502659968 Ready 1 sockets: handle 1(9), signal sent. 1 free threads
TRACE: 06-12 10:47:01:  qs. * 140030384166656 URI: /favicon.ico
DEBUG: 06-12 10:48:15:  qs. * 140030502659968 accept connection succeed
DEBUG: 06-12 10:48:15:  qs. * 140030502659968 Ready 1 sockets: handle 0(8), signal sent. 1 free threads
TRACE: 06-12 10:48:15:  qs. * 140030384166656 URI: /search?query=%E6%96%B0%E8%BD%A9%E9%80%B8%E4%B8%93%E7%94%A8%E8%84%9A%E5%9E%AB2gu%E7%9B%98
DEBUG: 06-12 10:48:15:  qs. * 140030502659968 accept connection succeed
DEBUG: 06-12 10:48:15:  qs. * 140030502659968 Ready 1 sockets: handle 0(8), signal sent. 1 free threads
TRACE: 06-12 10:48:15:  qs. * 140030384166656 URI: /favicon.ico
07-08 17:57:28:  qs. * 140287782094720 * Open process log by----qs.
=================================================
NOTICE: 07-08 17:57:28:  qs. * 140287782094720 Service start
07-08 17:57:28:  qs. * 140287663601408 * Open thread log by----qs.:server_thread
================================================
DEBUG: 07-08 18:00:05:  qs. * 140287782094720 accept connection succeed
DEBUG: 07-08 18:00:05:  qs. * 140287782094720 accept connection succeed
DEBUG: 07-08 18:00:05:  qs. * 140287782094720 Ready 1 sockets: handle 0(8), signal sent. 1 free threads
TRACE: 07-08 18:00:05:  qs. * 140287663601408 URI: /search?query=%E6%96%B0%E8%BD%A9%E9%80%B8%E4%B8%93%E7%94%A8
DEBUG: 07-08 18:00:05:  qs. * 140287782094720 Ready 1 sockets: handle 1(9), signal sent. 1 free threads
TRACE: 07-08 18:00:05:  qs. * 140287663601408 URI: /favicon.ico
DEBUG: 07-08 18:05:02:  qs. * 140287782094720 accept connection succeed
DEBUG: 07-08 18:05:02:  qs. * 140287782094720 Ready 1 sockets: handle 0(8), signal sent. 1 free threads
TRACE: 07-08 18:05:02:  qs. * 140287663601408 URI: /search?query=%E6%96%B0%E8%BD%A9%E9%80%B8%E4%B8%93%E7%94%A8
DEBUG: 07-08 18:05:02:  qs. * 140287782094720 accept connection succeed
DEBUG: 07-08 18:05:02:  qs. * 140287782094720 Ready 1 sockets: handle 0(8), signal sent. 1 free threads
TRACE: 07-08 18:05:02:  qs. * 140287663601408 URI: /favicon.ico
DEBUG: 07-08 18:05:02:  qs. * 140287782094720 accept connection succeed
DEBUG: 07-08 18:05:02:  qs. * 140287782094720 Ready 1 sockets: handle 0(8), signal sent. 1 free threads
TRACE: 07-08 18:05:02:  qs. * 140287663601408 URI: /favicon.ico
DEBUG: 07-08 18:06:10:  qs. * 140287782094720 accept connection succeed
DEBUG: 07-08 18:06:10:  qs. * 140287782094720 Ready 1 sockets: handle 0(8), signal sent. 1 free threads
TRACE: 07-08 18:06:10:  qs. * 140287663601408 URI: /search?query=%E6%96%B0%E8%BD%A9%E9%80%B8%E4%B8%93%E7%94%A8
DEBUG: 07-08 18:12:31:  qs. * 140287782094720 accept connection succeed
DEBUG: 07-08 18:12:31:  qs. * 140287782094720 accept connection succeed
DEBUG: 07-08 18:12:31:  qs. * 140287782094720 Ready 1 sockets: handle 0(8), signal sent. 1 free threads
TRACE: 07-08 18:12:31:  qs. * 140287663601408 URI: /search?query=%E6%96%B0%E8%BD%A9%E9%80%B8%E4%B8%93%E7%94%A8%E8%84%9A%E5%9E%AB2gu%E7%9B%98
DEBUG: 07-08 18:12:31:  qs. * 140287782094720 Ready 1 sockets: handle 1(9), signal sent. 1 free threads
TRACE: 07-08 18:12:31:  qs. * 140287663601408 URI: /favicon.ico
DEBUG: 07-08 18:12:39:  qs. * 140287782094720 accept connection succeed
DEBUG: 07-08 18:12:39:  qs. * 140287782094720 Ready 1 sockets: handle 0(8), signal sent. 1 free threads
TRACE: 07-08 18:12:39:  qs. * 140287663601408 URI: /search?query=%E6%96%B0%E8%BD%A9%E9%80%B8%E4%B8%93%E7%94%A8%E8%84%9A%E5%9E%AB2gu%E7%9B%98
DEBUG: 07-08 18:12:39:  qs. * 140287782094720 accept connection succeed
DEBUG: 07-08 18:12:39:  qs. * 140287782094720 Ready 1 sockets: handle 0(8), signal sent. 1 free threads
TRACE: 07-08 18:12:39:  qs. * 140287663601408 URI: /favicon.ico
DEBUG: 07-08 18:12:50:  qs. * 140287782094720 accept connection succeed
DEBUG: 07-08 18:12:50:  qs. * 140287782094720 Ready 1 sockets: handle 0(8), signal sent. 1 free threads
TRACE: 07-08 18:12:50:  qs. * 140287663601408 URI: /search?query=%E6%88%91%E6%98%AF%E4%BD%A0%E5%A4%A7%E7%88%B7
DEBUG: 07-08 18:12:50:  qs. * 140287782094720 accept connection succeed
DEBUG: 07-08 18:12:50:  qs. * 140287782094720 accept connection succeed
DEBUG: 07-08 18:12:50:  qs. * 140287782094720 accept connection succeed
DEBUG: 07-08 18:12:50:  qs. * 140287782094720 accept connection succeed
DEBUG: 07-08 18:12:50:  qs. * 140287782094720 Ready 1 sockets: handle 0(8), signal sent. 1 free threads
TRACE: 07-08 18:12:50:  qs. * 140287663601408 URI: /favicon.ico
DEBUG: 07-08 18:12:58:  qs. * 140287782094720 Ready 1 sockets: handle 1(9), signal sent. 1 free threads
TRACE: 07-08 18:12:58:  qs. * 140287663601408 URI: /search?query=%E6%88%91%E6%98%AF
DEBUG: 07-08 18:12:58:  qs. * 140287782094720 accept connection succeed
DEBUG: 07-08 18:12:58:  qs. * 140287782094720 accept connection succeed
DEBUG: 07-08 18:12:58:  qs. * 140287782094720 Ready 1 sockets: handle 2(10), signal sent. 1 free threads
TRACE: 07-08 18:12:58:  qs. * 140287663601408 URI: /favicon.ico
DEBUG: 07-08 18:13:04:  qs. * 140287782094720 Ready 1 sockets: handle 3(11), signal sent. 1 free threads
TRACE: 07-08 18:13:04:  qs. * 140287663601408 URI: /favicon.ico
DEBUG: 07-08 18:13:10:  qs. * 140287782094720 Ready 1 sockets: handle 0(8), signal sent. 1 free threads
DEBUG: 07-08 18:13:10:  qs. * 140287782094720 Ready 1 sockets: handle 1(9), signal sent. 1 free threads
07-08 19:51:05:  qs. * 140309744637824 * Open process log by----qs.
=================================================
NOTICE: 07-08 19:51:05:  qs. * 140309744637824 Service start
07-08 19:51:05:  qs. * 140309626144512 * Open thread log by----qs.:server_thread
================================================
DEBUG: 07-08 19:51:09:  qs. * 140309744637824 accept connection succeed
DEBUG: 07-08 19:51:09:  qs. * 140309744637824 accept connection succeed
DEBUG: 07-08 19:51:09:  qs. * 140309744637824 accept connection succeed
DEBUG: 07-08 19:51:09:  qs. * 140309744637824 Ready 1 sockets: handle 0(8), signal sent. 1 free threads
TRACE: 07-08 19:51:09:  qs. * 140309626144512 URI: /search?query=%E6%96%B0%E8%BD%A9%E9%80%B8%E4%B8%93%E7%94%A8
DEBUG: 07-08 19:51:10:  qs. * 140309744637824 Ready 1 sockets: handle 1(9), signal sent. 1 free threads
TRACE: 07-08 19:51:10:  qs. * 140309626144512 URI: /favicon.ico
DEBUG: 07-08 19:51:11:  qs. * 140309744637824 Ready 1 sockets: handle 2(10), signal sent. 1 free threads
TRACE: 07-08 19:51:11:  qs. * 140309626144512 URI: /search?query=%E6%96%B0%E8%BD%A9%E9%80%B8%E4%B8%93%E7%94%A8
DEBUG: 07-08 19:51:11:  qs. * 140309744637824 accept connection succeed
DEBUG: 07-08 19:51:11:  qs. * 140309744637824 accept connection succeed
DEBUG: 07-08 19:51:11:  qs. * 140309744637824 accept connection succeed
DEBUG: 07-08 19:51:11:  qs. * 140309744637824 Ready 1 sockets: handle 0(8), signal sent. 1 free threads
TRACE: 07-08 19:51:11:  qs. * 140309626144512 URI: /favicon.ico
07-08 19:55:31:  qs. * 140280603453312 * Open process log by----qs.
=================================================
NOTICE: 07-08 19:55:31:  qs. * 140280603453312 Service start
07-08 19:55:31:  qs. * 140280484960000 * Open thread log by----qs.:server_thread
================================================
DEBUG: 07-08 19:55:36:  qs. * 140280603453312 accept connection succeed
DEBUG: 07-08 19:55:36:  qs. * 140280603453312 accept connection succeed
DEBUG: 07-08 19:55:36:  qs. * 140280603453312 accept connection succeed
DEBUG: 07-08 19:55:36:  qs. * 140280603453312 Ready 1 sockets: handle 0(8), signal sent. 1 free threads
TRACE: 07-08 19:55:36:  qs. * 140280484960000 URI: /favicon.ico
07-08 20:05:59:  qs. * 139838575224704 * Open process log by----qs.
=================================================
NOTICE: 07-08 20:05:59:  qs. * 139838575224704 Service start
07-08 20:05:59:  qs. * 139838458832640 * Open thread log by----qs.:server_thread
================================================
DEBUG: 07-08 20:07:27:  qs. * 139838575224704 accept connection succeed
DEBUG: 07-08 20:07:27:  qs. * 139838575224704 accept connection succeed
DEBUG: 07-08 20:07:27:  qs. * 139838575224704 accept connection succeed
DEBUG: 07-08 20:07:28:  qs. * 139838575224704 Ready 1 sockets: handle 0(8), signal sent. 1 free threads
TRACE: 07-08 20:07:28:  qs. * 139838458832640 URI: /favicon.ico
DEBUG: 07-08 20:07:30:  qs. * 139838575224704 accept connection succeed
DEBUG: 07-08 20:07:30:  qs. * 139838575224704 Ready 1 sockets: handle 1(9), signal sent. 1 free threads
TRACE: 07-08 20:07:30:  qs. * 139838458832640 URI: /favicon.ico
DEBUG: 07-08 20:07:37:  qs. * 139838575224704 Ready 1 sockets: handle 2(10), signal sent. 1 free threads
DEBUG: 07-08 20:07:41:  qs. * 139838575224704 accept connection succeed
DEBUG: 07-08 20:07:41:  qs. * 139838575224704 accept connection succeed
DEBUG: 07-08 20:07:41:  qs. * 139838575224704 Ready 1 sockets: handle 0(8), signal sent. 1 free threads
TRACE: 07-08 20:07:41:  qs. * 139838458832640 URI: /favicon.ico
DEBUG: 07-08 20:07:46:  qs. * 139838575224704 accept connection succeed
DEBUG: 07-08 20:07:46:  qs. * 139838575224704 Ready 1 sockets: handle 1(9), signal sent. 1 free threads
TRACE: 07-08 20:07:46:  qs. * 139838458832640 URI: /search?query=%E6%96%B0%E8%BD%A9%E9%80%B8%E4%B8%93%E7%94%A8%E8%84%9A%E5%9E%AB
DEBUG: 07-08 20:07:46:  qs. * 139838575224704 Ready 1 sockets: handle 2(10), signal sent. 1 free threads
TRACE: 07-08 20:07:46:  qs. * 139838458832640 URI: /favicon.ico
DEBUG: 07-08 20:07:53:  qs. * 139838575224704 accept connection succeed
DEBUG: 07-08 20:07:53:  qs. * 139838575224704 accept connection succeed
DEBUG: 07-08 20:07:53:  qs. * 139838575224704 Ready 1 sockets: handle 0(8), signal sent. 1 free threads
TRACE: 07-08 20:07:53:  qs. * 139838458832640 URI: /favicon.ico
DEBUG: 07-08 20:08:07:  qs. * 139838575224704 Ready 1 sockets: handle 1(9), signal sent. 1 free threads
DEBUG: 07-08 20:08:07:  qs. * 139838575224704 Ready 1 sockets: handle 2(10), signal sent. 1 free threads
